<?xml version="1.0" encoding="UTF-8"?>
<testng-results skipped="0" failed="0" ignored="0" total="1" passed="1">
  <reporter-output>
  </reporter-output>
  <suite name="Default suite" duration-ms="20906" started-at="2021-09-25T09:01:04 IST" finished-at="2021-09-25T09:01:25 IST">
    <groups>
    </groups>
    <test name="Default test" duration-ms="20906" started-at="2021-09-25T09:01:04 IST" finished-at="2021-09-25T09:01:25 IST">
      <class name="org.priya.testing.Mavenproject.test1">
        <test-method status="PASS" signature="verifyTitle()[pri:0, instance:org.priya.testing.Mavenproject.test1@4d41cee]" name="verifyTitle" duration-ms="20813" started-at="2021-09-25T09:01:04 IST" finished-at="2021-09-25T09:01:25 IST">
          <reporter-output>
          </reporter-output>
        </test-method> <!-- verifyTitle -->
      </class> <!-- org.priya.testing.Mavenproject.test1 -->
    </test> <!-- Default test -->
  </suite> <!-- Default suite -->
</testng-results>
